client/android/app/build/outputs/logs/manifest-merger-release-report.txt
-- Merging decision tree log ---
manifest
ADDED from src/main/AndroidManifest.xml:1:1-44:12
INJECTED from src/main/AndroidManifest.xml:1:1-44:12
INJECTED from src/main/AndroidManifest.xml:1:1-44:12
INJECTED from src/main/AndroidManifest.xml:1:1-44:12
MERGED from [:react-native-share] AndroidManifest.xml:2:1-28:12
MERGED from [:rn-fetch-blob] AndroidManifest.xml:2:1-47:12
MERGED from [:react-native-view-shot] AndroidManifest.xml:2:1-11:12
MERGED from [:react-native-video] AndroidManifest.xml:2:1-11:12
MERGED from [:react-native-vector-icons] AndroidManifest.xml:2:1-11:12
MERGED from [:react-native-image-picker] AndroidManifest.xml:2:1-23:12
MERGED from [:react-native-image-base64] AndroidManifest.xml:2:1-11:12
MERGED from [:react-native-gesture-handler] AndroidManifest.xml:2:1-11:12
MERGED from [:react-native-fs] AndroidManifest.xml:2:1-13:12
MERGED from [:react-native-android-keyboard-adjust] AndroidManifest.xml:2:1-11:12
MERGED from [com.facebook.react:react-native:0.59.8] AndroidManifest.xml:2:1-13:12
MERGED from [com.android.support:appcompat-v7:28.0.0] AndroidManifest.xml:17:1-22:12
MERGED from [com.android.support:support-v4:28.0.0] AndroidManifest.xml:17:1-22:12
MERGED from [com.google.android.exoplayer:exoplayer:2.9.3] AndroidManifest.xml:17:1-24:12
MERGED from [com.android.support:support-media-compat:28.0.0] AndroidManifest.xml:17:1-22:12
MERGED from [com.android.support:support-fragment:28.0.0] AndroidManifest.xml:17:1-22:12
MERGED from [com.android.support:animated-vector-drawable:28.0.0] AndroidManifest.xml:17:1-22:12
MERGED from [com.android.support:support-core-ui:28.0.0] AndroidManifest.xml:17:1-22:12
MERGED from [com.android.support:support-core-utils:28.0.0] AndroidManifest.xml:17:1-22:12
MERGED from [com.android.support:support-vector-drawable:28.0.0] AndroidManifest.xml:17:1-22:12
MERGED from [com.android.support:loader:28.0.0] AndroidManifest.xml:17:1-22:12
MERGED from [com.android.support:viewpager:28.0.0] AndroidManifest.xml:17:1-22:12
MERGED from [com.android.support:coordinatorlayout:28.0.0] AndroidManifest.xml:17:1-22:12
MERGED from [com.android.support:drawerlayout:28.0.0] AndroidManifest.xml:17:1-22:12
MERGED from [com.android.support:slidingpanelayout:28.0.0] AndroidManifest.xml:17:1-22:12
MERGED from [com.android.support:customview:28.0.0] AndroidManifest.xml:17:1-22:12
MERGED from [com.android.support:swiperefreshlayout:28.0.0] AndroidManifest.xml:17:1-22:12
MERGED from [com.android.support:asynclayoutinflater:28.0.0] AndroidManifest.xml:17:1-22:12
MERGED from [com.android.support:support-compat:28.0.0] AndroidManifest.xml:17:1-24:12
MERGED from [com.google.android.exoplayer:extension-okhttp:2.9.3] AndroidManifest.xml:17:1-24:12
MERGED from [com.android.support:versionedparcelable:28.0.0] AndroidManifest.xml:17:1-25:12
MERGED from [com.android.support:cursoradapter:28.0.0] AndroidManifest.xml:17:1-22:12
MERGED from [com.google.android.exoplayer:exoplayer-dash:2.9.3] AndroidManifest.xml:17:1-24:12
MERGED from [com.google.android.exoplayer:exoplayer-hls:2.9.3] AndroidManifest.xml:17:1-24:12
MERGED from [com.google.android.exoplayer:exoplayer-smoothstreaming:2.9.3] AndroidManifest.xml:17:1-24:12
MERGED from [com.google.android.exoplayer:exoplayer-ui:2.9.3] AndroidManifest.xml:17:1-24:12
MERGED from [com.google.android.exoplayer:exoplayer-core:2.9.3] AndroidManifest.xml:17:1-26:12
MERGED from [android.arch.lifecycle:runtime:1.1.1] AndroidManifest.xml:17:1-22:12
MERGED from [com.android.support:documentfile:28.0.0] AndroidManifest.xml:17:1-22:12
MERGED from [com.android.support:localbroadcastmanager:28.0.0] AndroidManifest.xml:17:1-22:12
MERGED from [com.android.support:print:28.0.0] AndroidManifest.xml:17:1-22:12
MERGED from [android.arch.lifecycle:viewmodel:1.1.1] AndroidManifest.xml:17:1-22:12
MERGED from [com.android.support:interpolator:28.0.0] AndroidManifest.xml:17:1-22:12
MERGED from [android.arch.lifecycle:livedata:1.1.1] AndroidManifest.xml:17:1-22:12
MERGED from [android.arch.lifecycle:livedata-core:1.1.1] AndroidManifest.xml:17:1-22:12
MERGED from [android.arch.core:runtime:1.1.1] AndroidManifest.xml:17:1-22:12
MERGED from [com.facebook.fresco:imagepipeline-okhttp3:1.10.0] AndroidManifest.xml:2:1-9:12
MERGED from [com.facebook.fresco:fresco:1.10.0] AndroidManifest.xml:2:1-9:12
MERGED from [com.facebook.fresco:drawee:1.10.0] AndroidManifest.xml:2:1-9:12
MERGED from [com.facebook.fresco:imagepipeline:1.10.0] AndroidManifest.xml:2:1-9:12
MERGED from [com.facebook.fresco:imagepipeline-base:1.10.0] AndroidManifest.xml:2:1-9:12
MERGED from [com.facebook.soloader:soloader:0.6.0] AndroidManifest.xml:2:1-13:12
MERGED from [com.facebook.fresco:fbcore:1.10.0] AndroidManifest.xml:2:1-9:12
INJECTED from src/main/AndroidManifest.xml:1:1-44:12
INJECTED from src/main/AndroidManifest.xml:1:1-44:12
INJECTED from src/main/AndroidManifest.xml:1:1-44:12
	package
		ADDED from src/main/AndroidManifest.xml:2:3-25
		INJECTED from src/main/AndroidManifest.xml
		INJECTED from src/main/AndroidManifest.xml
	android:versionName
		INJECTED from src/main/AndroidManifest.xml
		ADDED from src/main/AndroidManifest.xml:1:1-44:12
		INJECTED from src/main/AndroidManifest.xml
	android:versionCode
		INJECTED from src/main/AndroidManifest.xml
		ADDED from src/main/AndroidManifest.xml:1:1-44:12
		INJECTED from src/main/AndroidManifest.xml
	xmlns:android
		ADDED from src/main/AndroidManifest.xml:1:11-69
uses-permission#android.permission.INTERNET
ADDED from src/main/AndroidManifest.xml:4:4-66
MERGED from [:rn-fetch-blob] AndroidManifest.xml:15:5-67
MERGED from [:rn-fetch-blob] AndroidManifest.xml:15:5-67
	android:name
		ADDED from src/main/AndroidManifest.xml:4:21-63
uses-permission#android.permission.WRITE_EXTERNAL_STORAGE
ADDED from src/main/AndroidManifest.xml:5:5-81
MERGED from [:react-native-share] AndroidManifest.xml:12:5-81
MERGED from [:react-native-share] AndroidManifest.xml:12:5-81
MERGED from [:rn-fetch-blob] AndroidManifest.xml:33:5-81
MERGED from [:rn-fetch-blob] AndroidManifest.xml:33:5-81
MERGED from [:react-native-fs] AndroidManifest.xml:11:5-81
MERGED from [:react-native-fs] AndroidManifest.xml:11:5-81
	android:name
		ADDED from src/main/AndroidManifest.xml:5:22-78
uses-permission#android.permission.CAMERA
ADDED from src/main/AndroidManifest.xml:10:3-63
	android:name
		ADDED from src/main/AndroidManifest.xml:10:20-60
uses-permission#android.permission.WRITE_INTERNAL_STORAGE
ADDED from src/main/AndroidManifest.xml:11:3-79
	android:name
		ADDED from src/main/AndroidManifest.xml:11:20-76
uses-permission#android.permission.ACCESS_NETWORK_STATE
ADDED from src/main/AndroidManifest.xml:13:3-76
MERGED from [:rn-fetch-blob] AndroidManifest.xml:27:5-79
MERGED from [:rn-fetch-blob] AndroidManifest.xml:27:5-79
MERGED from [com.google.android.exoplayer:exoplayer-core:2.9.3] AndroidManifest.xml:24:5-79
MERGED from [com.google.android.exoplayer:exoplayer-core:2.9.3] AndroidManifest.xml:24:5-79
	android:name
		ADDED from src/main/AndroidManifest.xml:13:20-74
application
ADDED from src/main/AndroidManifest.xml:16:5-42:19
MERGED from [:react-native-share] AndroidManifest.xml:14:5-26:19
MERGED from [:react-native-share] AndroidManifest.xml:14:5-26:19
MERGED from [:rn-fetch-blob] AndroidManifest.xml:35:5-45:19
MERGED from [:rn-fetch-blob] AndroidManifest.xml:35:5-45:19
MERGED from [:react-native-image-picker] AndroidManifest.xml:11:5-21:19
MERGED from [:react-native-image-picker] AndroidManifest.xml:11:5-21:19
MERGED from [com.facebook.react:react-native:0.59.8] AndroidManifest.xml:11:5-20
MERGED from [com.facebook.react:react-native:0.59.8] AndroidManifest.xml:11:5-20
MERGED from [com.android.support:support-compat:28.0.0] AndroidManifest.xml:22:5-94
MERGED from [com.android.support:support-compat:28.0.0] AndroidManifest.xml:22:5-94
MERGED from [com.android.support:versionedparcelable:28.0.0] AndroidManifest.xml:22:5-23:19
MERGED from [com.android.support:versionedparcelable:28.0.0] AndroidManifest.xml:22:5-23:19
MERGED from [com.facebook.soloader:soloader:0.6.0] AndroidManifest.xml:11:5-20
MERGED from [com.facebook.soloader:soloader:0.6.0] AndroidManifest.xml:11:5-20
	android:appComponentFactory
		ADDED from [com.android.support:support-compat:28.0.0] AndroidManifest.xml:22:18-91
	android:label
		ADDED from src/main/AndroidManifest.xml:18:7-39
	android:roundIcon
		ADDED from src/main/AndroidManifest.xml:20:7-52
	android:icon
		ADDED from src/main/AndroidManifest.xml:19:7-37
	android:allowBackup
		ADDED from src/main/AndroidManifest.xml:21:7-34
	android:theme
		ADDED from src/main/AndroidManifest.xml:22:7-38
	android:name
		ADDED from src/main/AndroidManifest.xml:17:7-38
activity#com.snapchat.MainActivity
ADDED from src/main/AndroidManifest.xml:23:7-40:18
	android:label
		ADDED from src/main/AndroidManifest.xml:25:9-41
	android:windowSoftInputMode
		ADDED from src/main/AndroidManifest.xml:27:9-51
	android:configChanges
		ADDED from src/main/AndroidManifest.xml:26:9-79
	android:name
		ADDED from src/main/AndroidManifest.xml:24:9-37
intent-filter#action:name:android.intent.action.DOWNLOAD_COMPLETE+action:name:android.intent.action.DOWNLOAD_COMPLETE+action:name:android.intent.action.DOWNLOAD_COMPLETE+action:name:android.intent.action.DOWNLOAD_COMPLETE+action:name:android.intent.action.DOWNLOAD_COMPLETE+action:name:android.intent.action.DOWNLOAD_COMPLETE+action:name:android.intent.action.DOWNLOAD_COMPLETE+action:name:android.intent.action.DOWNLOAD_COMPLETE+action:name:android.intent.action.MAIN+category:name:android.intent.category.LAUNCHER
ADDED from src/main/AndroidManifest.xml:28:9-39:25
action#android.intent.action.MAIN
ADDED from src/main/AndroidManifest.xml:29:13-65
	android:name
		ADDED from src/main/AndroidManifest.xml:29:21-62
category#android.intent.category.LAUNCHER
ADDED from src/main/AndroidManifest.xml:30:13-73
	android:name
		ADDED from src/main/AndroidManifest.xml:30:23-70
action#android.intent.action.DOWNLOAD_COMPLETE
ADDED from src/main/AndroidManifest.xml:31:6-70
	android:name
		ADDED from src/main/AndroidManifest.xml:31:14-68
activity#com.facebook.react.devsupport.DevSettingsActivity
ADDED from src/main/AndroidManifest.xml:41:7-84
	android:name
		ADDED from src/main/AndroidManifest.xml:41:17-81
uses-sdk
INJECTED from src/main/AndroidManifest.xml reason: use-sdk injection requested
INJECTED from src/main/AndroidManifest.xml
INJECTED from src/main/AndroidManifest.xml
MERGED from [:react-native-share] AndroidManifest.xml:8:5-10:41
MERGED from [:react-native-share] AndroidManifest.xml:8:5-10:41
MERGED from [:rn-fetch-blob] AndroidManifest.xml:7:5-9:41
MERGED from [:rn-fetch-blob] AndroidManifest.xml:7:5-9:41
MERGED from [:react-native-view-shot] AndroidManifest.xml:7:5-9:41
MERGED from [:react-native-view-shot] AndroidManifest.xml:7:5-9:41
MERGED from [:react-native-video] AndroidManifest.xml:7:5-9:41
MERGED from [:react-native-video] AndroidManifest.xml:7:5-9:41
MERGED from [:react-native-vector-icons] AndroidManifest.xml:7:5-9:41
MERGED from [:react-native-vector-icons] AndroidManifest.xml:7:5-9:41
MERGED from [:react-native-image-picker] AndroidManifest.xml:7:5-9:41
MERGED from [:react-native-image-picker] AndroidManifest.xml:7:5-9:41
MERGED from [:react-native-image-base64] AndroidManifest.xml:7:5-9:41
MERGED from [:react-native-image-base64] AndroidManifest.xml:7:5-9:41
MERGED from [:react-native-gesture-handler] AndroidManifest.xml:7:5-9:41
MERGED from [:react-native-gesture-handler] AndroidManifest.xml:7:5-9:41
MERGED from [:react-native-fs] AndroidManifest.xml:7:5-9:41
MERGED from [:react-native-fs] AndroidManifest.xml:7:5-9:41
MERGED from [:react-native-android-keyboard-adjust] AndroidManifest.xml:7:5-9:41
MERGED from [:react-native-android-keyboard-adjust] AndroidManifest.xml:7:5-9:41
MERGED from [com.facebook.react:react-native:0.59.8] AndroidManifest.xml:7:5-9:41
MERGED from [com.facebook.react:react-native:0.59.8] AndroidManifest.xml:7:5-9:41
MERGED from [com.android.support:appcompat-v7:28.0.0] AndroidManifest.xml:20:5-44
MERGED from [com.android.support:appcompat-v7:28.0.0] AndroidManifest.xml:20:5-44
MERGED from [com.android.support:support-v4:28.0.0] AndroidManifest.xml:20:5-44
MERGED from [com.android.support:support-v4:28.0.0] AndroidManifest.xml:20:5-44
MERGED from [com.google.android.exoplayer:exoplayer:2.9.3] AndroidManifest.xml:20:5-22:41
MERGED from [com.google.android.exoplayer:exoplayer:2.9.3] AndroidManifest.xml:20:5-22:41
MERGED from [com.android.support:support-media-compat:28.0.0] AndroidManifest.xml:20:5-44
MERGED from [com.android.support:support-media-compat:28.0.0] AndroidManifest.xml:20:5-44
MERGED from [com.android.support:support-fragment:28.0.0] AndroidManifest.xml:20:5-44
MERGED from [com.android.support:support-fragment:28.0.0] AndroidManifest.xml:20:5-44
MERGED from [com.android.support:animated-vector-drawable:28.0.0] AndroidManifest.xml:20:5-44
MERGED from [com.android.support:animated-vector-drawable:28.0.0] AndroidManifest.xml:20:5-44
MERGED from [com.android.support:support-core-ui:28.0.0] AndroidManifest.xml:20:5-44
MERGED from [com.android.support:support-core-ui:28.0.0] AndroidManifest.xml:20:5-44
MERGED from [com.android.support:support-core-utils:28.0.0] AndroidManifest.xml:20:5-44
MERGED from [com.android.support:support-core-utils:28.0.0] AndroidManifest.xml:20:5-44
MERGED from [com.android.support:support-vector-drawable:28.0.0] AndroidManifest.xml:20:5-44
MERGED from [com.android.support:support-vector-drawable:28.0.0] AndroidManifest.xml:20:5-44
MERGED from [com.android.support:loader:28.0.0] AndroidManifest.xml:20:5-44
MERGED from [com.android.support:loader:28.0.0] AndroidManifest.xml:20:5-44
MERGED from [com.android.support:viewpager:28.0.0] AndroidManifest.xml:20:5-44
MERGED from [com.android.support:viewpager:28.0.0] AndroidManifest.xml:20:5-44
MERGED from [com.android.support:coordinatorlayout:28.0.0] AndroidManifest.xml:20:5-44
MERGED from [com.android.support:coordinatorlayout:28.0.0] AndroidManifest.xml:20:5-44
MERGED from [com.android.support:drawerlayout:28.0.0] AndroidManifest.xml:20:5-44
MERGED from [com.android.support:drawerlayout:28.0.0] AndroidManifest.xml:20:5-44
MERGED from [com.android.support:slidingpanelayout:28.0.0] AndroidManifest.xml:20:5-44
MERGED from [com.android.support:slidingpanelayout:28.0.0] AndroidManifest.xml:20:5-44
MERGED from [com.android.support:customview:28.0.0] AndroidManifest.xml:20:5-44
MERGED from [com.android.support:customview:28.0.0] AndroidManifest.xml:20:5-44
MERGED from [com.android.support:swiperefreshlayout:28.0.0] AndroidManifest.xml:20:5-44
MERGED from [com.android.support:swiperefreshlayout:28.0.0] AndroidManifest.xml:20:5-44
MERGED from [com.android.support:asynclayoutinflater:28.0.0] AndroidManifest.xml:20:5-44
MERGED from [com.android.support:asynclayoutinflater:28.0.0] AndroidManifest.xml:20:5-44
MERGED from [com.android.support:support-compat:28.0.0] AndroidManifest.xml:20:5-44
MERGED from [com.android.support:support-compat:28.0.0] AndroidManifest.xml:20:5-44
MERGED from [com.google.android.exoplayer:extension-okhttp:2.9.3] AndroidManifest.xml:20:5-22:41
MERGED from [com.google.android.exoplayer:extension-okhttp:2.9.3] AndroidManifest.xml:20:5-22:41
MERGED from [com.android.support:versionedparcelable:28.0.0] AndroidManifest.xml:20:5-44
MERGED from [com.android.support:versionedparcelable:28.0.0] AndroidManifest.xml:20:5-44
MERGED from [com.android.support:cursoradapter:28.0.0] AndroidManifest.xml:20:5-44
MERGED from [com.android.support:cursoradapter:28.0.0] AndroidManifest.xml:20:5-44
MERGED from [com.google.android.exoplayer:exoplayer-dash:2.9.3] AndroidManifest.xml:20:5-22:41
MERGED from [com.google.android.exoplayer:exoplayer-dash:2.9.3] AndroidManifest.xml:20:5-22:41
MERGED from [com.google.android.exoplayer:exoplayer-hls:2.9.3] AndroidManifest.xml:20:5-22:41
MERGED from [com.google.android.exoplayer:exoplayer-hls:2.9.3] AndroidManifest.xml:20:5-22:41
MERGED from [com.google.android.exoplayer:exoplayer-smoothstreaming:2.9.3] AndroidManifest.xml:20:5-22:41
MERGED from [com.google.android.exoplayer:exoplayer-smoothstreaming:2.9.3] AndroidManifest.xml:20:5-22:41
MERGED from [com.google.android.exoplayer:exoplayer-ui:2.9.3] AndroidManifest.xml:20:5-22:41
MERGED from [com.google.android.exoplayer:exoplayer-ui:2.9.3] AndroidManifest.xml:20:5-22:41
MERGED from [com.google.android.exoplayer:exoplayer-core:2.9.3] AndroidManifest.xml:20:5-22:41
MERGED from [com.google.android.exoplayer:exoplayer-core:2.9.3] AndroidManifest.xml:20:5-22:41
MERGED from [android.arch.lifecycle:runtime:1.1.1] AndroidManifest.xml:20:5-44
MERGED from [android.arch.lifecycle:runtime:1.1.1] AndroidManifest.xml:20:5-44
MERGED from [com.android.support:documentfile:28.0.0] AndroidManifest.xml:20:5-44
MERGED from [com.android.support:documentfile:28.0.0] AndroidManifest.xml:20:5-44
MERGED from [com.android.support:localbroadcastmanager:28.0.0] AndroidManifest.xml:20:5-44
MERGED from [com.android.support:localbroadcastmanager:28.0.0] AndroidManifest.xml:20:5-44
MERGED from [com.android.support:print:28.0.0] AndroidManifest.xml:20:5-44
MERGED from [com.android.support:print:28.0.0] AndroidManifest.xml:20:5-44
MERGED from [android.arch.lifecycle:viewmodel:1.1.1] AndroidManifest.xml:20:5-44
MERGED from [android.arch.lifecycle:viewmodel:1.1.1] AndroidManifest.xml:20:5-44
MERGED from [com.android.support:interpolator:28.0.0] AndroidManifest.xml:20:5-44
MERGED from [com.android.support:interpolator:28.0.0] AndroidManifest.xml:20:5-44
MERGED from [android.arch.lifecycle:livedata:1.1.1] AndroidManifest.xml:20:5-44
MERGED from [android.arch.lifecycle:livedata:1.1.1] AndroidManifest.xml:20:5-44
MERGED from [android.arch.lifecycle:livedata-core:1.1.1] AndroidManifest.xml:20:5-44
MERGED from [android.arch.lifecycle:livedata-core:1.1.1] AndroidManifest.xml:20:5-44
MERGED from [android.arch.core:runtime:1.1.1] AndroidManifest.xml:20:5-44
MERGED from [android.arch.core:runtime:1.1.1] AndroidManifest.xml:20:5-44
MERGED from [com.facebook.fresco:imagepipeline-okhttp3:1.10.0] AndroidManifest.xml:5:5-7:41
MERGED from [com.facebook.fresco:imagepipeline-okhttp3:1.10.0] AndroidManifest.xml:5:5-7:41
MERGED from [com.facebook.fresco:fresco:1.10.0] AndroidManifest.xml:5:5-7:41
MERGED from [com.facebook.fresco:fresco:1.10.0] AndroidManifest.xml:5:5-7:41
MERGED from [com.facebook.fresco:drawee:1.10.0] AndroidManifest.xml:5:5-7:41
MERGED from [com.facebook.fresco:drawee:1.10.0] AndroidManifest.xml:5:5-7:41
MERGED from [com.facebook.fresco:imagepipeline:1.10.0] AndroidManifest.xml:5:5-7:41
MERGED from [com.facebook.fresco:imagepipeline:1.10.0] AndroidManifest.xml:5:5-7:41
MERGED from [com.facebook.fresco:imagepipeline-base:1.10.0] AndroidManifest.xml:5:5-7:41
MERGED from [com.facebook.fresco:imagepipeline-base:1.10.0] AndroidManifest.xml:5:5-7:41
MERGED from [com.facebook.soloader:soloader:0.6.0] AndroidManifest.xml:7:5-9:41
MERGED from [com.facebook.soloader:soloader:0.6.0] AndroidManifest.xml:7:5-9:41
MERGED from [com.facebook.fresco:fbcore:1.10.0] AndroidManifest.xml:5:5-7:41
MERGED from [com.facebook.fresco:fbcore:1.10.0] AndroidManifest.xml:5:5-7:41
INJECTED from src/main/AndroidManifest.xml
INJECTED from src/main/AndroidManifest.xml
	android:targetSdkVersion
		INJECTED from src/main/AndroidManifest.xml
		ADDED from src/main/AndroidManifest.xml
		INJECTED from src/main/AndroidManifest.xml
	android:minSdkVersion
		INJECTED from src/main/AndroidManifest.xml
		ADDED from src/main/AndroidManifest.xml
		INJECTED from src/main/AndroidManifest.xml
provider#cl.json.RNShareFileProvider
ADDED from [:react-native-share] AndroidManifest.xml:15:9-25:20
	android:grantUriPermissions
		ADDED from [:react-native-share] AndroidManifest.xml:19:13-47
	android:authorities
		ADDED from [:react-native-share] AndroidManifest.xml:17:13-72
	android:exported
		ADDED from [:react-native-share] AndroidManifest.xml:18:13-37
	tools:replace
		ADDED from [:react-native-share] AndroidManifest.xml:20:13-48
	android:name
		ADDED from [:react-native-share] AndroidManifest.xml:16:13-55
meta-data#android.support.FILE_PROVIDER_PATHS
ADDED from [:react-native-share] AndroidManifest.xml:21:13-24:52
	android:resource
		ADDED from [:react-native-share] AndroidManifest.xml:23:17-61
	tools:replace
		ADDED from [:react-native-share] AndroidManifest.xml:24:17-49
	android:name
		ADDED from [:react-native-share] AndroidManifest.xml:22:17-67
uses-permission#com.android.vending.CHECK_LICENSE
ADDED from [:rn-fetch-blob] AndroidManifest.xml:12:5-73
	android:name
		ADDED from [:rn-fetch-blob] AndroidManifest.xml:12:22-70
uses-permission#android.permission.WAKE_LOCK
ADDED from [:rn-fetch-blob] AndroidManifest.xml:21:5-68
	android:name
		ADDED from [:rn-fetch-blob] AndroidManifest.xml:21:22-65
uses-permission#android.permission.ACCESS_WIFI_STATE
ADDED from [:rn-fetch-blob] AndroidManifest.xml:30:5-76
	android:name
		ADDED from [:rn-fetch-blob] AndroidManifest.xml:30:22-73
provider#android.support.v4.content.FileProvider
ADDED from [:rn-fetch-blob] AndroidManifest.xml:36:9-44:20
	android:grantUriPermissions
		ADDED from [:rn-fetch-blob] AndroidManifest.xml:40:13-47
	android:authorities
		ADDED from [:rn-fetch-blob] AndroidManifest.xml:38:13-60
	android:exported
		ADDED from [:rn-fetch-blob] AndroidManifest.xml:39:13-37
	android:name
		ADDED from [:rn-fetch-blob] AndroidManifest.xml:37:13-67
provider#com.imagepicker.FileProvider
ADDED from [:react-native-image-picker] AndroidManifest.xml:12:9-20:20
	android:grantUriPermissions
		ADDED from [:react-native-image-picker] AndroidManifest.xml:16:13-47
	android:authorities
		ADDED from [:react-native-image-picker] AndroidManifest.xml:14:13-60
	android:exported
		ADDED from [:react-native-image-picker] AndroidManifest.xml:15:13-37
	android:name
		ADDED from [:react-native-image-picker] AndroidManifest.xml:13:13-56